<?xml version="1.0" encoding="UTF-8"?>
<!-- Generated by org.testng.reporters.JUnitXMLReporter -->
<testsuite hostname="LAPTOP-DULAB47M" ignored="0" name="Parallel Tests" tests="5" failures="0" timestamp="08 Nov 2020 20:30:10 GMT" time="30.773" errors="0">
  <testcase name="@BeforeMethod initialize" time="22.67" classname="TestCases.AutomationPageTest">
    <failure type="org.openqa.selenium.WebDriverException" message="Timed out waiting for driver server to start.
Build info: version: &amp;apos;4.0.0-alpha-6&amp;apos;, revision: &amp;apos;5f43a29cfc&amp;apos;
System info: host: &amp;apos;LAPTOP-DULAB47M&amp;apos;, ip: &amp;apos;192.168.1.18&amp;apos;, os.name: &amp;apos;Windows 10&amp;apos;, os.arch: &amp;apos;amd64&amp;apos;, os.version: &amp;apos;10.0&amp;apos;, java.version: &amp;apos;1.8.0_91&amp;apos;
Driver info: driver.version: ChromeDriver">
      <![CDATA[org.openqa.selenium.WebDriverException: Timed out waiting for driver server to start.
Build info: version: '4.0.0-alpha-6', revision: '5f43a29cfc'
System info: host: 'LAPTOP-DULAB47M', ip: '192.168.1.18', os.name: 'Windows 10', os.arch: 'amd64', os.version: '10.0', java.version: '1.8.0_91'
Driver info: driver.version: ChromeDriver
	at org.openqa.selenium.remote.service.DriverService.start(DriverService.java:210)
	at org.openqa.selenium.remote.service.DriverCommandExecutor.execute(DriverCommandExecutor.java:79)
	at org.openqa.selenium.remote.RemoteWebDriver.execute(RemoteWebDriver.java:582)
	at org.openqa.selenium.remote.RemoteWebDriver.startSession(RemoteWebDriver.java:216)
	at org.openqa.selenium.remote.RemoteWebDriver.<init>(RemoteWebDriver.java:136)
	at org.openqa.selenium.chromium.ChromiumDriver.<init>(ChromiumDriver.java:75)
	at org.openqa.selenium.chrome.ChromeDriver.<init>(ChromeDriver.java:163)
	at org.openqa.selenium.chrome.ChromeDriver.<init>(ChromeDriver.java:150)
	at org.openqa.selenium.chrome.ChromeDriver.<init>(ChromeDriver.java:105)
	at Resources.base.InitializeDriver(base.java:27)
	at TestCases.AutomationPageTest.initialize(AutomationPageTest.java:41)
	at java.util.concurrent.ThreadPoolExecutor.runWorker(Unknown Source)
	at java.util.concurrent.ThreadPoolExecutor$Worker.run(Unknown Source)
	at java.lang.Thread.run(Unknown Source)
Caused by: java.util.concurrent.ExecutionException: java.lang.RuntimeException: java.lang.InterruptedException
	at java.util.concurrent.CompletableFuture.reportGet(Unknown Source)
	at java.util.concurrent.CompletableFuture.get(Unknown Source)
	at org.openqa.selenium.remote.service.DriverService.start(DriverService.java:204)
	... 25 more
Caused by: java.lang.RuntimeException: java.lang.InterruptedException
	at org.openqa.selenium.net.UrlChecker.waitUntilAvailable(UrlChecker.java:95)
	at org.openqa.selenium.remote.service.DriverService.waitUntilAvailable(DriverService.java:227)
	at org.openqa.selenium.remote.service.DriverService.lambda$start$0(DriverService.java:193)
	at java.util.concurrent.CompletableFuture$AsyncSupply.run(Unknown Source)
	at java.util.concurrent.CompletableFuture$AsyncSupply.exec(Unknown Source)
	at java.util.concurrent.ForkJoinTask.doExec(Unknown Source)
	at java.util.concurrent.ForkJoinPool$WorkQueue.runTask(Unknown Source)
	at java.util.concurrent.ForkJoinPool.runWorker(Unknown Source)
	at java.util.concurrent.ForkJoinWorkerThread.run(Unknown Source)
Caused by: java.lang.InterruptedException
	at java.util.concurrent.FutureTask.awaitDone(Unknown Source)
	at java.util.concurrent.FutureTask.get(Unknown Source)
	at org.openqa.selenium.net.UrlChecker.waitUntilAvailable(UrlChecker.java:88)
	... 8 more
... Removed 12 stack frames]]>
    </failure>
  </testcase> <!-- @BeforeMethod initialize -->
  <testcase name="verifyRadiobuttonfunctionality" time="0.2" classname="TestCases.AutomationPageTest">
    <skipped/>
  </testcase> <!-- verifyRadiobuttonfunctionality -->
  <testcase name="performallctionsfunctionality" time="0.0" classname="TestCases.AutomationPageTest">
    <skipped/>
  </testcase> <!-- performallctionsfunctionality -->
  <testcase name="verifySugessiondropdwonfunctionality" time="0.0" classname="TestCases.AutomationPageTest">
    <skipped/>
  </testcase> <!-- verifySugessiondropdwonfunctionality -->
  <testcase name="switchtoAlertfunctionality" time="0.0" classname="TestCases.AutomationPageTest">
    <skipped/>
  </testcase> <!-- switchtoAlertfunctionality -->
  <testcase name="geturlinnewtab" time="0.0" classname="TestCases.AutomationPageTest">
    <skipped/>
  </testcase> <!-- geturlinnewtab -->
</testsuite> <!-- Parallel Tests -->
